Copyright 1986-2018 Xilinx, Inc. All Rights Reserved.
----------------------------------------------------------------------------------------------------------------------------------------
| Tool Version     : Vivado v.2018.2 (lin64) Build 2258646 Thu Jun 14 20:02:38 MDT 2018
| Date             : Wed Sep  2 12:54:29 2020
| Host             : pc running 64-bit Ubuntu 19.10
| Command          : report_power -file factor_power_routed.rpt -pb factor_power_summary_routed.pb -rpx factor_power_routed.rpx
| Design           : factor
| Device           : xc7a100tfgg676-2
| Design State     : routed
| Grade            : commercial
| Process          : typical
| Characterization : Production
----------------------------------------------------------------------------------------------------------------------------------------

Power Report

Table of Contents
-----------------
1. Summary
1.1 On-Chip Components
1.2 Power Supply Summary
1.3 Confidence Level
2. Settings
2.1 Environment
2.2 Clock Constraints
3. Detailed Reports
3.1 By Hierarchy

1. Summary
----------

+--------------------------+--------------+
| Total On-Chip Power (W)  | 0.304        |
| Design Power Budget (W)  | Unspecified* |
| Power Budget Margin (W)  | NA           |
| Dynamic (W)              | 0.206        |
| Device Static (W)        | 0.098        |
| Effective TJA (C/W)      | 2.6          |
| Max Ambient (C)          | 84.2         |
| Junction Temperature (C) | 25.8         |
| Confidence Level         | Low          |
| Setting File             | ---          |
| Simulation Activity File | ---          |
| Design Nets Matched      | NA           |
+--------------------------+--------------+
* Specify Design Power Budget using, set_operating_conditions -design_power_budget <value in Watts>


1.1 On-Chip Components
----------------------

+--------------------------+-----------+----------+-----------+-----------------+
| On-Chip                  | Power (W) | Used     | Available | Utilization (%) |
+--------------------------+-----------+----------+-----------+-----------------+
| Clocks                   |     0.024 |       19 |       --- |             --- |
| Slice Logic              |     0.009 |     7462 |       --- |             --- |
|   LUT as Logic           |     0.008 |     2426 |     63400 |            3.83 |
|   CARRY4                 |    <0.001 |      222 |     15850 |            1.40 |
|   Register               |    <0.001 |     3939 |    126800 |            3.11 |
|   LUT as Distributed RAM |    <0.001 |       60 |     19000 |            0.32 |
|   F7/F8 Muxes            |    <0.001 |      219 |     63400 |            0.35 |
|   Others                 |     0.000 |      207 |       --- |             --- |
|   BUFG                   |     0.000 |        1 |        32 |            3.13 |
| Signals                  |     0.012 |     5745 |       --- |             --- |
| Block RAM                |     0.006 |        4 |       135 |            2.96 |
| MMCM                     |     0.123 |        1 |         6 |           16.67 |
| I/O                      |     0.032 |       86 |       300 |           28.67 |
| Static Power             |     0.098 |          |           |                 |
| Total                    |     0.304 |          |           |                 |
+--------------------------+-----------+----------+-----------+-----------------+


1.2 Power Supply Summary
------------------------

+-----------+-------------+-----------+-------------+------------+
| Source    | Voltage (V) | Total (A) | Dynamic (A) | Static (A) |
+-----------+-------------+-----------+-------------+------------+
| Vccint    |       1.000 |     0.067 |       0.052 |      0.015 |
| Vccaux    |       1.800 |     0.087 |       0.069 |      0.018 |
| Vcco33    |       3.300 |     0.013 |       0.009 |      0.004 |
| Vcco25    |       2.500 |     0.000 |       0.000 |      0.000 |
| Vcco18    |       1.800 |     0.000 |       0.000 |      0.000 |
| Vcco15    |       1.500 |     0.000 |       0.000 |      0.000 |
| Vcco135   |       1.350 |     0.000 |       0.000 |      0.000 |
| Vcco12    |       1.200 |     0.000 |       0.000 |      0.000 |
| Vccaux_io |       1.800 |     0.000 |       0.000 |      0.000 |
| Vccbram   |       1.000 |     0.001 |       0.001 |      0.000 |
| MGTAVcc   |       1.000 |     0.000 |       0.000 |      0.000 |
| MGTAVtt   |       1.200 |     0.000 |       0.000 |      0.000 |
| Vccadc    |       1.800 |     0.020 |       0.000 |      0.020 |
+-----------+-------------+-----------+-------------+------------+


1.3 Confidence Level
--------------------

+-----------------------------+------------+--------------------------------------------------------+------------------------------------------------------------------------------------------------------------+
| User Input Data             | Confidence | Details                                                | Action                                                                                                     |
+-----------------------------+------------+--------------------------------------------------------+------------------------------------------------------------------------------------------------------------+
| Design implementation state | High       | Design is routed                                       |                                                                                                            |
| Clock nodes activity        | High       | User specified more than 95% of clocks                 |                                                                                                            |
| I/O nodes activity          | Low        | More than 75% of inputs are missing user specification | Provide missing input activity with simulation results or by editing the "By Resource Type -> I/Os" view   |
| Internal nodes activity     | Medium     | User specified less than 25% of internal nodes         | Provide missing internal nodes activity with simulation results or by editing the "By Resource Type" views |
| Device models               | High       | Device models are Production                           |                                                                                                            |
|                             |            |                                                        |                                                                                                            |
| Overall confidence level    | Low        |                                                        |                                                                                                            |
+-----------------------------+------------+--------------------------------------------------------+------------------------------------------------------------------------------------------------------------+


2. Settings
-----------

2.1 Environment
---------------

+-----------------------+--------------------------+
| Ambient Temp (C)      | 25.0                     |
| ThetaJA (C/W)         | 2.6                      |
| Airflow (LFM)         | 250                      |
| Heat Sink             | medium (Medium Profile)  |
| ThetaSA (C/W)         | 4.6                      |
| Board Selection       | medium (10"x10")         |
| # of Board Layers     | 12to15 (12 to 15 Layers) |
| Board Temperature (C) | 25.0                     |
+-----------------------+--------------------------+


2.2 Clock Constraints
---------------------

+--------------+----------------------------+-----------------+
| Clock        | Domain                     | Constraint (ns) |
+--------------+----------------------------+-----------------+
| clk_out1_pll | pll_inst/inst/clk_out1_pll |             6.2 |
| clk_out2_pll | pll_inst/inst/clk_out2_pll |             8.0 |
| clk_out3_pll | pll_inst/inst/clk_out3_pll |            20.0 |
| clkfbout_pll | pll_inst/inst/clkfbout_pll |            20.0 |
| sys_clk      | sys_clk                    |            20.0 |
| ts_PHY_RXC   | PHY_RXC                    |             8.0 |
| ts_clk125    | PHY_GTXC                   |             8.0 |
| ts_clk125    | pll_inst/inst/clk_out2     |             8.0 |
| ts_clk160    | pll_inst/inst/clk_out1     |             6.2 |
| ts_ser1_rx   | ser1_rx                    |          5000.0 |
| ts_ser2_rse  | ser2_rse                   |          5000.0 |
| ts_ser2_rx   | ser2_rx                    |          5000.0 |
| ts_ser2_tx   | ser2_tx                    |          5000.0 |
+--------------+----------------------------+-----------------+


3. Detailed Reports
-------------------

3.1 By Hierarchy
----------------

+--------------------------------------------------------------------------------------+-----------+
| Name                                                                                 | Power (W) |
+--------------------------------------------------------------------------------------+-----------+
| factor                                                                               |     0.206 |
|   mac_inst/fifo_26010                                                                |     0.002 |
|     U0                                                                               |     0.002 |
|       inst_fifo_gen                                                                  |     0.002 |
|         gconvfifo.rf                                                                 |     0.002 |
|           grf.rf                                                                     |     0.002 |
|             gntv_or_sync_fifo.gcx.clkx                                               |    <0.001 |
|               rd_pntr_cdc_inst                                                       |    <0.001 |
|               wr_pntr_cdc_inst                                                       |    <0.001 |
|             gntv_or_sync_fifo.gl0.rd                                                 |    <0.001 |
|               gras.grdc1.rdc                                                         |    <0.001 |
|               gras.rsts                                                              |    <0.001 |
|                 c0                                                                   |    <0.001 |
|                 c1                                                                   |    <0.001 |
|               rpntr                                                                  |    <0.001 |
|             gntv_or_sync_fifo.gl0.wr                                                 |    <0.001 |
|               gwas.wsts                                                              |    <0.001 |
|                 c1                                                                   |    <0.001 |
|               wpntr                                                                  |    <0.001 |
|             gntv_or_sync_fifo.mem                                                    |    <0.001 |
|               gbm.gbmg.gbmga.ngecc.bmg                                               |    <0.001 |
|                 inst_blk_mem_gen                                                     |    <0.001 |
|                   gnbram.gnativebmg.native_blk_mem_gen                               |    <0.001 |
|                     valid.cstr                                                       |    <0.001 |
|                       ramloop[0].ram.r                                               |    <0.001 |
|                         prim_noinit.ram                                              |    <0.001 |
|   mac_inst/fifo_26100                                                                |     0.002 |
|     U0                                                                               |     0.002 |
|       inst_fifo_gen                                                                  |     0.002 |
|         gconvfifo.rf                                                                 |     0.002 |
|           grf.rf                                                                     |     0.002 |
|             gntv_or_sync_fifo.gcx.clkx                                               |    <0.001 |
|               rd_pntr_cdc_inst                                                       |    <0.001 |
|               wr_pntr_cdc_inst                                                       |    <0.001 |
|             gntv_or_sync_fifo.gl0.rd                                                 |    <0.001 |
|               gras.grdc1.rdc                                                         |    <0.001 |
|               gras.rsts                                                              |    <0.001 |
|                 c0                                                                   |    <0.001 |
|                 c1                                                                   |    <0.001 |
|               rpntr                                                                  |    <0.001 |
|             gntv_or_sync_fifo.gl0.wr                                                 |    <0.001 |
|               gwas.wsts                                                              |    <0.001 |
|                 c1                                                                   |    <0.001 |
|               wpntr                                                                  |    <0.001 |
|             gntv_or_sync_fifo.mem                                                    |    <0.001 |
|               gbm.gbmg.gbmga.ngecc.bmg                                               |    <0.001 |
|                 inst_blk_mem_gen                                                     |    <0.001 |
|                   gnbram.gnativebmg.native_blk_mem_gen                               |    <0.001 |
|                     valid.cstr                                                       |    <0.001 |
|                       ramloop[0].ram.r                                               |    <0.001 |
|                         prim_noinit.ram                                              |    <0.001 |
|   mac_inst/fifo_apo_inst                                                             |     0.003 |
|     U0                                                                               |     0.003 |
|       inst_fifo_gen                                                                  |     0.003 |
|         gconvfifo.rf                                                                 |     0.003 |
|           grf.rf                                                                     |     0.003 |
|             gntv_or_sync_fifo.gcx.clkx                                               |    <0.001 |
|               rd_pntr_cdc_inst                                                       |    <0.001 |
|               wr_pntr_cdc_inst                                                       |    <0.001 |
|             gntv_or_sync_fifo.gl0.rd                                                 |    <0.001 |
|               gras.grdc1.rdc                                                         |    <0.001 |
|               gras.rsts                                                              |    <0.001 |
|               rpntr                                                                  |    <0.001 |
|             gntv_or_sync_fifo.gl0.wr                                                 |    <0.001 |
|               gwas.wsts                                                              |    <0.001 |
|               wpntr                                                                  |    <0.001 |
|             gntv_or_sync_fifo.mem                                                    |    <0.001 |
|               gdm.dm_gen.dm                                                          |    <0.001 |
|                 RAM_reg_0_63_0_2                                                     |    <0.001 |
|                 RAM_reg_0_63_3_5                                                     |    <0.001 |
|                 RAM_reg_0_63_6_6                                                     |    <0.001 |
|                 RAM_reg_0_63_7_7                                                     |    <0.001 |
|                 RAM_reg_128_191_0_2                                                  |    <0.001 |
|                 RAM_reg_128_191_3_5                                                  |    <0.001 |
|                 RAM_reg_128_191_6_6                                                  |    <0.001 |
|                 RAM_reg_128_191_7_7                                                  |    <0.001 |
|                 RAM_reg_192_255_0_2                                                  |    <0.001 |
|                 RAM_reg_192_255_3_5                                                  |    <0.001 |
|                 RAM_reg_192_255_6_6                                                  |    <0.001 |
|                 RAM_reg_192_255_7_7                                                  |    <0.001 |
|                 RAM_reg_64_127_0_2                                                   |    <0.001 |
|                 RAM_reg_64_127_3_5                                                   |    <0.001 |
|                 RAM_reg_64_127_6_6                                                   |    <0.001 |
|                 RAM_reg_64_127_7_7                                                   |    <0.001 |
|             rstblk                                                                   |    <0.001 |
|               ngwrdrst.grst.g7serrst.gnsckt_wrst.gic_rst.rst_rd_reg2_inst            |    <0.001 |
|               ngwrdrst.grst.g7serrst.gnsckt_wrst.gic_rst.xpm_cdc_single_inst_rrst_wr |    <0.001 |
|               ngwrdrst.grst.g7serrst.gnsckt_wrst.gic_rst.xpm_cdc_single_inst_wrst_rd |    <0.001 |
|               ngwrdrst.grst.g7serrst.gnsckt_wrst.rst_wr_reg2_inst                    |    <0.001 |
|   mac_inst/fifo_arp_inst                                                             |     0.001 |
|     U0                                                                               |     0.001 |
|       inst_fifo_gen                                                                  |     0.001 |
|         gconvfifo.rf                                                                 |     0.001 |
|           grf.rf                                                                     |     0.001 |
|             gntv_or_sync_fifo.gl0.rd                                                 |    <0.001 |
|               grss.gdc.dc                                                            |    <0.001 |
|                 gsym_dc.dc                                                           |    <0.001 |
|               grss.rsts                                                              |    <0.001 |
|                 c1                                                                   |    <0.001 |
|                 c2                                                                   |    <0.001 |
|               rpntr                                                                  |    <0.001 |
|             gntv_or_sync_fifo.gl0.wr                                                 |    <0.001 |
|               gwss.wsts                                                              |    <0.001 |
|                 c0                                                                   |    <0.001 |
|                 c1                                                                   |    <0.001 |
|               wpntr                                                                  |    <0.001 |
|             gntv_or_sync_fifo.mem                                                    |    <0.001 |
|               gbm.gbmg.gbmgc.ngecc.bmg                                               |    <0.001 |
|                 inst_blk_mem_gen                                                     |    <0.001 |
|                   gnbram.gnativebmg.native_blk_mem_gen                               |    <0.001 |
|                     valid.cstr                                                       |    <0.001 |
|                       ramloop[0].ram.r                                               |    <0.001 |
|                         prim_noinit.ram                                              |    <0.001 |
|   pll_inst                                                                           |     0.123 |
|     inst                                                                             |     0.123 |
|   ram_bins/ram_reg_0_63_0_2                                                          |    <0.001 |
|   ram_bins/ram_reg_0_63_3_5                                                          |    <0.001 |
|   ram_bins/ram_reg_0_63_6_7                                                          |    <0.001 |
|   rs485_bins_inst/fifo_rx                                                            |     0.002 |
|     U0                                                                               |     0.002 |
|       inst_fifo_gen                                                                  |     0.002 |
|         gconvfifo.rf                                                                 |     0.002 |
|           grf.rf                                                                     |     0.002 |
|             gntv_or_sync_fifo.gcx.clkx                                               |    <0.001 |
|               rd_pntr_cdc_inst                                                       |    <0.001 |
|               wr_pntr_cdc_inst                                                       |    <0.001 |
|             gntv_or_sync_fifo.gl0.rd                                                 |    <0.001 |
|               gras.grdc1.rdc                                                         |    <0.001 |
|               gras.rsts                                                              |    <0.001 |
|                 c0                                                                   |    <0.001 |
|                 c1                                                                   |    <0.001 |
|               rpntr                                                                  |    <0.001 |
|             gntv_or_sync_fifo.gl0.wr                                                 |    <0.001 |
|               gwas.wsts                                                              |    <0.001 |
|                 c1                                                                   |    <0.001 |
|                 c2                                                                   |    <0.001 |
|               wpntr                                                                  |    <0.001 |
|             gntv_or_sync_fifo.mem                                                    |     0.001 |
|               gbm.gbmg.gbmga.ngecc.bmg                                               |     0.001 |
|                 inst_blk_mem_gen                                                     |     0.001 |
|                   gnbram.gnativebmg.native_blk_mem_gen                               |     0.001 |
|                     valid.cstr                                                       |     0.001 |
|                       ramloop[0].ram.r                                               |     0.001 |
|                         prim_noinit.ram                                              |     0.001 |
|   rs485_bins_inst/fifo_tx                                                            |     0.002 |
|     U0                                                                               |     0.002 |
|       inst_fifo_gen                                                                  |     0.002 |
|         gconvfifo.rf                                                                 |     0.002 |
|           grf.rf                                                                     |     0.002 |
|             gntv_or_sync_fifo.gcx.clkx                                               |    <0.001 |
|               rd_pntr_cdc_inst                                                       |    <0.001 |
|               wr_pntr_cdc_inst                                                       |    <0.001 |
|             gntv_or_sync_fifo.gl0.rd                                                 |    <0.001 |
|               gras.grdc1.rdc                                                         |    <0.001 |
|               gras.rsts                                                              |    <0.001 |
|                 c0                                                                   |    <0.001 |
|                 c1                                                                   |    <0.001 |
|               rpntr                                                                  |    <0.001 |
|             gntv_or_sync_fifo.gl0.wr                                                 |    <0.001 |
|               gwas.wsts                                                              |    <0.001 |
|                 c1                                                                   |    <0.001 |
|                 c2                                                                   |    <0.001 |
|               wpntr                                                                  |    <0.001 |
|             gntv_or_sync_fifo.mem                                                    |    <0.001 |
|               gbm.gbmg.gbmga.ngecc.bmg                                               |    <0.001 |
|                 inst_blk_mem_gen                                                     |    <0.001 |
|                   gnbram.gnativebmg.native_blk_mem_gen                               |    <0.001 |
|                     valid.cstr                                                       |    <0.001 |
|                       ramloop[0].ram.r                                               |    <0.001 |
|                         prim_noinit.ram                                              |    <0.001 |
|   rs485_dfs_inst/fifo_rx                                                             |    <0.001 |
|     U0                                                                               |    <0.001 |
|       inst_fifo_gen                                                                  |    <0.001 |
|         gconvfifo.rf                                                                 |    <0.001 |
|           grf.rf                                                                     |    <0.001 |
|             gntv_or_sync_fifo.gcx.clkx                                               |    <0.001 |
|               rd_pntr_cdc_inst                                                       |    <0.001 |
|               wr_pntr_cdc_inst                                                       |    <0.001 |
|             gntv_or_sync_fifo.gl0.rd                                                 |    <0.001 |
|               gras.rsts                                                              |    <0.001 |
|                 c0                                                                   |    <0.001 |
|               rpntr                                                                  |    <0.001 |
|             gntv_or_sync_fifo.gl0.wr                                                 |    <0.001 |
|               gwas.wsts                                                              |    <0.001 |
|                 c1                                                                   |    <0.001 |
|                 c2                                                                   |    <0.001 |
|               wpntr                                                                  |    <0.001 |
|   rs485_dfs_inst/fifo_tx                                                             |     0.001 |
|     U0                                                                               |     0.001 |
|       inst_fifo_gen                                                                  |     0.001 |
|         gconvfifo.rf                                                                 |     0.001 |
|           grf.rf                                                                     |     0.001 |
|             gntv_or_sync_fifo.gcx.clkx                                               |    <0.001 |
|               rd_pntr_cdc_inst                                                       |    <0.001 |
|               wr_pntr_cdc_inst                                                       |    <0.001 |
|             gntv_or_sync_fifo.gl0.rd                                                 |    <0.001 |
|               gras.grdc1.rdc                                                         |    <0.001 |
|               gras.rsts                                                              |    <0.001 |
|                 c0                                                                   |    <0.001 |
|                 c1                                                                   |    <0.001 |
|               rpntr                                                                  |    <0.001 |
|             gntv_or_sync_fifo.gl0.wr                                                 |    <0.001 |
|               gwas.wsts                                                              |    <0.001 |
|                 c1                                                                   |    <0.001 |
|                 c2                                                                   |    <0.001 |
|               wpntr                                                                  |    <0.001 |
|             gntv_or_sync_fifo.mem                                                    |    <0.001 |
|               gbm.gbmg.gbmga.ngecc.bmg                                               |    <0.001 |
|                 inst_blk_mem_gen                                                     |    <0.001 |
|                   gnbram.gnativebmg.native_blk_mem_gen                               |    <0.001 |
|                     valid.cstr                                                       |    <0.001 |
|                       ramloop[0].ram.r                                               |    <0.001 |
|                         prim_noinit.ram                                              |    <0.001 |
+--------------------------------------------------------------------------------------+-----------+


