Copyright 1986-2019 Xilinx, Inc. All Rights Reserved.
----------------------------------------------------------------------------------------------------------------------------------------
| Tool Version     : Vivado v.2019.2 (lin64) Build 2708876 Wed Nov  6 21:39:14 MST 2019
| Date             : Wed Sep  2 13:36:53 2020
| Host             : pc running 64-bit Ubuntu 19.10
| Command          : report_power -file factor_power_routed.rpt -pb factor_power_summary_routed.pb -rpx factor_power_routed.rpx
| Design           : factor
| Device           : xc7a100tfgg676-2
| Design State     : routed
| Grade            : commercial
| Process          : typical
| Characterization : Production
----------------------------------------------------------------------------------------------------------------------------------------

Power Report

Table of Contents
-----------------
1. Summary
1.1 On-Chip Components
1.2 Power Supply Summary
1.3 Confidence Level
2. Settings
2.1 Environment
2.2 Clock Constraints
3. Detailed Reports
3.1 By Hierarchy

1. Summary
----------

+--------------------------+--------------+
| Total On-Chip Power (W)  | 0.302        |
| Design Power Budget (W)  | Unspecified* |
| Power Budget Margin (W)  | NA           |
| Dynamic (W)              | 0.204        |
| Device Static (W)        | 0.098        |
| Effective TJA (C/W)      | 2.6          |
| Max Ambient (C)          | 84.2         |
| Junction Temperature (C) | 25.8         |
| Confidence Level         | Low          |
| Setting File             | ---          |
| Simulation Activity File | ---          |
| Design Nets Matched      | NA           |
+--------------------------+--------------+
* Specify Design Power Budget using, set_operating_conditions -design_power_budget <value in Watts>


1.1 On-Chip Components
----------------------

+--------------------------+-----------+----------+-----------+-----------------+
| On-Chip                  | Power (W) | Used     | Available | Utilization (%) |
+--------------------------+-----------+----------+-----------+-----------------+
| Clocks                   |     0.026 |       19 |       --- |             --- |
| Slice Logic              |     0.008 |     8605 |       --- |             --- |
|   LUT as Logic           |     0.007 |     2621 |     63400 |            4.13 |
|   CARRY4                 |    <0.001 |      223 |     15850 |            1.41 |
|   Register               |    <0.001 |     3919 |    126800 |            3.09 |
|   LUT as Distributed RAM |    <0.001 |      828 |     19000 |            4.36 |
|   F7/F8 Muxes            |    <0.001 |      284 |     63400 |            0.45 |
|   BUFG                   |    <0.001 |        1 |        32 |            3.13 |
|   Others                 |     0.000 |      234 |       --- |             --- |
| Signals                  |     0.012 |     6449 |       --- |             --- |
| Block RAM                |     0.003 |        3 |       135 |            2.22 |
| MMCM                     |     0.123 |        1 |         6 |           16.67 |
| I/O                      |     0.033 |       86 |       300 |           28.67 |
| Static Power             |     0.098 |          |           |                 |
| Total                    |     0.302 |          |           |                 |
+--------------------------+-----------+----------+-----------+-----------------+


1.2 Power Supply Summary
------------------------

+-----------+-------------+-----------+-------------+------------+
| Source    | Voltage (V) | Total (A) | Dynamic (A) | Static (A) |
+-----------+-------------+-----------+-------------+------------+
| Vccint    |       1.000 |     0.064 |       0.049 |      0.015 |
| Vccaux    |       1.800 |     0.087 |       0.069 |      0.018 |
| Vcco33    |       3.300 |     0.013 |       0.009 |      0.004 |
| Vcco25    |       2.500 |     0.000 |       0.000 |      0.000 |
| Vcco18    |       1.800 |     0.000 |       0.000 |      0.000 |
| Vcco15    |       1.500 |     0.000 |       0.000 |      0.000 |
| Vcco135   |       1.350 |     0.000 |       0.000 |      0.000 |
| Vcco12    |       1.200 |     0.000 |       0.000 |      0.000 |
| Vccaux_io |       1.800 |     0.000 |       0.000 |      0.000 |
| Vccbram   |       1.000 |     0.001 |       0.000 |      0.000 |
| MGTAVcc   |       1.000 |     0.000 |       0.000 |      0.000 |
| MGTAVtt   |       1.200 |     0.000 |       0.000 |      0.000 |
| Vccadc    |       1.800 |     0.020 |       0.000 |      0.020 |
+-----------+-------------+-----------+-------------+------------+


1.3 Confidence Level
--------------------

+-----------------------------+------------+--------------------------------------------------------+------------------------------------------------------------------------------------------------------------+
| User Input Data             | Confidence | Details                                                | Action                                                                                                     |
+-----------------------------+------------+--------------------------------------------------------+------------------------------------------------------------------------------------------------------------+
| Design implementation state | High       | Design is routed                                       |                                                                                                            |
| Clock nodes activity        | High       | User specified more than 95% of clocks                 |                                                                                                            |
| I/O nodes activity          | Low        | More than 75% of inputs are missing user specification | Provide missing input activity with simulation results or by editing the "By Resource Type -> I/Os" view   |
| Internal nodes activity     | Medium     | User specified less than 25% of internal nodes         | Provide missing internal nodes activity with simulation results or by editing the "By Resource Type" views |
| Device models               | High       | Device models are Production                           |                                                                                                            |
|                             |            |                                                        |                                                                                                            |
| Overall confidence level    | Low        |                                                        |                                                                                                            |
+-----------------------------+------------+--------------------------------------------------------+------------------------------------------------------------------------------------------------------------+


2. Settings
-----------

2.1 Environment
---------------

+-----------------------+--------------------------+
| Ambient Temp (C)      | 25.0                     |
| ThetaJA (C/W)         | 2.6                      |
| Airflow (LFM)         | 250                      |
| Heat Sink             | medium (Medium Profile)  |
| ThetaSA (C/W)         | 4.6                      |
| Board Selection       | medium (10"x10")         |
| # of Board Layers     | 12to15 (12 to 15 Layers) |
| Board Temperature (C) | 25.0                     |
+-----------------------+--------------------------+


2.2 Clock Constraints
---------------------

+--------------+----------------------------+-----------------+
| Clock        | Domain                     | Constraint (ns) |
+--------------+----------------------------+-----------------+
| clk_out1_pll | pll_inst/inst/clk_out1_pll |             6.2 |
| clk_out2_pll | pll_inst/inst/clk_out2_pll |             8.0 |
| clk_out3_pll | pll_inst/inst/clk_out3_pll |            20.0 |
| clkfbout_pll | pll_inst/inst/clkfbout_pll |            20.0 |
| sys_clk      | sys_clk                    |            20.0 |
| ts_PHY_RXC   | PHY_RXC                    |             8.0 |
| ts_clk125    | PHY_GTXC                   |             8.0 |
| ts_clk125    | pll_inst/inst/clk_out2     |             8.0 |
| ts_clk160    | pll_inst/inst/clk_out1     |             6.2 |
| ts_ser1_rx   | ser1_rx                    |          5000.0 |
| ts_ser2_rse  | ser2_rse                   |          5000.0 |
| ts_ser2_rx   | ser2_rx                    |          5000.0 |
| ts_ser2_tx   | ser2_tx                    |          5000.0 |
+--------------+----------------------------+-----------------+


3. Detailed Reports
-------------------

3.1 By Hierarchy
----------------

+-------------------+-----------+
| Name              | Power (W) |
+-------------------+-----------+
| factor            |     0.204 |
|   mac_inst        |     0.021 |
|     crc_inst      |     0.001 |
|     fifo_26010    |     0.002 |
|       U0          |     0.002 |
|     fifo_26100    |     0.002 |
|       U0          |     0.002 |
|     fifo_apo_inst |     0.002 |
|       U0          |     0.002 |
|     ram_adc       |     0.004 |
|   pll_inst        |     0.123 |
|     inst          |     0.123 |
|   rs485_bins_inst |     0.006 |
|     fifo_rx       |     0.002 |
|       U0          |     0.002 |
|     fifo_tx       |     0.002 |
|       U0          |     0.002 |
|   rs485_dfs_inst  |     0.002 |
|     fifo_tx       |     0.001 |
|       U0          |     0.001 |
+-------------------+-----------+


