Copyright 1986-2019 Xilinx, Inc. All Rights Reserved.
---------------------------------------------------------------------------------------------------------
| Tool Version : Vivado v.2019.2 (lin64) Build 2708876 Wed Nov  6 21:39:14 MST 2019
| Date         : Wed Oct 28 10:43:18 2020
| Host         : pc running 64-bit Ubuntu 19.10
| Command      : report_drc -file factor_drc_opted.rpt -pb factor_drc_opted.pb -rpx factor_drc_opted.rpx
| Design       : factor
| Device       : xc7a100tfgg676-2
| Speed File   : -2
| Design State : Synthesized
---------------------------------------------------------------------------------------------------------

Report DRC

Table of Contents
-----------------
1. REPORT SUMMARY
2. REPORT DETAILS

1. REPORT SUMMARY
-----------------
            Netlist: netlist
          Floorplan: design_1
      Design limits: <entire design considered>
           Ruledeck: default
             Max violations: <unlimited>
             Violations found: 29
+---------+----------+-------------------------------------------------------------------+------------+
| Rule    | Severity | Description                                                       | Violations |
+---------+----------+-------------------------------------------------------------------+------------+
| DPIP-1  | Warning  | Input pipelining                                                  | 4          |
| DPOP-1  | Warning  | PREG Output pipelining                                            | 1          |
| DPOP-2  | Warning  | MREG Output pipelining                                            | 3          |
| RPBF-3  | Warning  | IO port buffering is incomplete                                   | 1          |
| AVAL-4  | Advisory | enum_USE_DPORT_FALSE_enum_DREG_ADREG_0_connects_CED_CEAD_RSTD_GND | 4          |
| AVAL-5  | Advisory | enum_USE_MULT_NONE_enum_DREG_ADREG_0_connects_CED_CEAD_RSTD_GND   | 4          |
| REQP-28 | Advisory | enum_USE_MULT_NONE_connects_CEM_GND                               | 6          |
| REQP-30 | Advisory | enum_MREG_0_connects_CEM_GND                                      | 6          |
+---------+----------+-------------------------------------------------------------------+------------+

2. REPORT DETAILS
-----------------
DPIP-1#1 Warning
Input pipelining  
DSP mult_I/U0/i_mult/gDSP.gDSP_only.iDSP/inferred_dsp.reg_mult.m_reg_reg input mult_I/U0/i_mult/gDSP.gDSP_only.iDSP/inferred_dsp.reg_mult.m_reg_reg/A[29:0] is not pipelined. Pipelining DSP48 input will improve performance.
Related violations: <none>

DPIP-1#2 Warning
Input pipelining  
DSP mult_I/U0/i_mult/gDSP.gDSP_only.iDSP/inferred_dsp.reg_mult.m_reg_reg input mult_I/U0/i_mult/gDSP.gDSP_only.iDSP/inferred_dsp.reg_mult.m_reg_reg/B[17:0] is not pipelined. Pipelining DSP48 input will improve performance.
Related violations: <none>

DPIP-1#3 Warning
Input pipelining  
DSP mult_Q/U0/i_mult/gDSP.gDSP_only.iDSP/inferred_dsp.reg_mult.m_reg_reg input mult_Q/U0/i_mult/gDSP.gDSP_only.iDSP/inferred_dsp.reg_mult.m_reg_reg/A[29:0] is not pipelined. Pipelining DSP48 input will improve performance.
Related violations: <none>

DPIP-1#4 Warning
Input pipelining  
DSP mult_Q/U0/i_mult/gDSP.gDSP_only.iDSP/inferred_dsp.reg_mult.m_reg_reg input mult_Q/U0/i_mult/gDSP.gDSP_only.iDSP/inferred_dsp.reg_mult.m_reg_reg/B[17:0] is not pipelined. Pipelining DSP48 input will improve performance.
Related violations: <none>

DPOP-1#1 Warning
PREG Output pipelining  
DSP Q_in output Q_in/P[47:0] is not pipelined (PREG=0). Pipelining the DSP48 output will improve performance and often saves power so it is suggested whenever possible to fully pipeline this function.  If this DSP48 function was inferred, it is suggested to describe an additional register stage after this function.  If the DSP48 was instantiated in the design, it is suggested to set the PREG attribute to 1.
Related violations: <none>

DPOP-2#1 Warning
MREG Output pipelining  
DSP Q_in multiplier stage Q_in/P[47:0] is not pipelined (MREG=0). Pipelining the multiplier function will improve performance and will save significant power so it is suggested whenever possible to fully pipeline this function.  If this multiplier was inferred, it is suggested to describe an additional register stage after this function.  If there is no registered adder/accumulator following the multiply function, two pipeline stages are suggested to allow both the MREG and PREG registers to be used.  If the DSP48 was instantiated in the design, it is suggested to set both the MREG and PREG attributes to 1 when performing multiply functions.
Related violations: <none>

DPOP-2#2 Warning
MREG Output pipelining  
DSP mult_I/U0/i_mult/gDSP.gDSP_only.iDSP/inferred_dsp.reg_mult.m_reg_reg multiplier stage mult_I/U0/i_mult/gDSP.gDSP_only.iDSP/inferred_dsp.reg_mult.m_reg_reg/P[47:0] is not pipelined (MREG=0). Pipelining the multiplier function will improve performance and will save significant power so it is suggested whenever possible to fully pipeline this function.  If this multiplier was inferred, it is suggested to describe an additional register stage after this function.  If there is no registered adder/accumulator following the multiply function, two pipeline stages are suggested to allow both the MREG and PREG registers to be used.  If the DSP48 was instantiated in the design, it is suggested to set both the MREG and PREG attributes to 1 when performing multiply functions.
Related violations: <none>

DPOP-2#3 Warning
MREG Output pipelining  
DSP mult_Q/U0/i_mult/gDSP.gDSP_only.iDSP/inferred_dsp.reg_mult.m_reg_reg multiplier stage mult_Q/U0/i_mult/gDSP.gDSP_only.iDSP/inferred_dsp.reg_mult.m_reg_reg/P[47:0] is not pipelined (MREG=0). Pipelining the multiplier function will improve performance and will save significant power so it is suggested whenever possible to fully pipeline this function.  If this multiplier was inferred, it is suggested to describe an additional register stage after this function.  If there is no registered adder/accumulator following the multiply function, two pipeline stages are suggested to allow both the MREG and PREG registers to be used.  If the DSP48 was instantiated in the design, it is suggested to set both the MREG and PREG attributes to 1 when performing multiply functions.
Related violations: <none>

RPBF-3#1 Warning
IO port buffering is incomplete  
Device port PHY_MDIO expects both input and output buffering but the buffers are incomplete.
Related violations: <none>

AVAL-4#1 Advisory
enum_USE_DPORT_FALSE_enum_DREG_ADREG_0_connects_CED_CEAD_RSTD_GND  
cic_I/U0/i_synth/decimator.decimation_filter/comb/gen_stages[0].gen_folded.int_comb_stage/gen_split_accum[0].gen_sum_struct.gen_sum/gen_structural.gen_virtex.gen_dsp48e.gen_dsp48e1_v6.dsp48e1_v6: DSP48E1 is not using the D port (USE_DPORT = FALSE). For improved power characteristics, set DREG and ADREG to '1', tie CED, CEAD, and RSTD to logic '0'.
Related violations: <none>

AVAL-4#2 Advisory
enum_USE_DPORT_FALSE_enum_DREG_ADREG_0_connects_CED_CEAD_RSTD_GND  
cic_I/U0/i_synth/decimator.decimation_filter/int/gen_stages[0].gen_folded.int_comb_stage/gen_split_accum[0].gen_sum_struct.gen_sum/gen_structural.gen_virtex.gen_dsp48e.gen_dsp48e1_v6.dsp48e1_v6: DSP48E1 is not using the D port (USE_DPORT = FALSE). For improved power characteristics, set DREG and ADREG to '1', tie CED, CEAD, and RSTD to logic '0'.
Related violations: <none>

AVAL-4#3 Advisory
enum_USE_DPORT_FALSE_enum_DREG_ADREG_0_connects_CED_CEAD_RSTD_GND  
cic_Q/U0/i_synth/decimator.decimation_filter/comb/gen_stages[0].gen_folded.int_comb_stage/gen_split_accum[0].gen_sum_struct.gen_sum/gen_structural.gen_virtex.gen_dsp48e.gen_dsp48e1_v6.dsp48e1_v6: DSP48E1 is not using the D port (USE_DPORT = FALSE). For improved power characteristics, set DREG and ADREG to '1', tie CED, CEAD, and RSTD to logic '0'.
Related violations: <none>

AVAL-4#4 Advisory
enum_USE_DPORT_FALSE_enum_DREG_ADREG_0_connects_CED_CEAD_RSTD_GND  
cic_Q/U0/i_synth/decimator.decimation_filter/int/gen_stages[0].gen_folded.int_comb_stage/gen_split_accum[0].gen_sum_struct.gen_sum/gen_structural.gen_virtex.gen_dsp48e.gen_dsp48e1_v6.dsp48e1_v6: DSP48E1 is not using the D port (USE_DPORT = FALSE). For improved power characteristics, set DREG and ADREG to '1', tie CED, CEAD, and RSTD to logic '0'.
Related violations: <none>

AVAL-5#1 Advisory
enum_USE_MULT_NONE_enum_DREG_ADREG_0_connects_CED_CEAD_RSTD_GND  
cic_I/U0/i_synth/decimator.decimation_filter/comb/gen_stages[0].gen_folded.int_comb_stage/gen_split_accum[0].gen_sum_struct.gen_sum/gen_structural.gen_virtex.gen_dsp48e.gen_dsp48e1_v6.dsp48e1_v6: DSP48E1 is not using the Multiplier (USE_MULT = NONE). For improved power characteristics, set DREG and ADREG to '1', tie CED, CEAD, and RSTD to logic '0'.
Related violations: <none>

AVAL-5#2 Advisory
enum_USE_MULT_NONE_enum_DREG_ADREG_0_connects_CED_CEAD_RSTD_GND  
cic_I/U0/i_synth/decimator.decimation_filter/int/gen_stages[0].gen_folded.int_comb_stage/gen_split_accum[0].gen_sum_struct.gen_sum/gen_structural.gen_virtex.gen_dsp48e.gen_dsp48e1_v6.dsp48e1_v6: DSP48E1 is not using the Multiplier (USE_MULT = NONE). For improved power characteristics, set DREG and ADREG to '1', tie CED, CEAD, and RSTD to logic '0'.
Related violations: <none>

AVAL-5#3 Advisory
enum_USE_MULT_NONE_enum_DREG_ADREG_0_connects_CED_CEAD_RSTD_GND  
cic_Q/U0/i_synth/decimator.decimation_filter/comb/gen_stages[0].gen_folded.int_comb_stage/gen_split_accum[0].gen_sum_struct.gen_sum/gen_structural.gen_virtex.gen_dsp48e.gen_dsp48e1_v6.dsp48e1_v6: DSP48E1 is not using the Multiplier (USE_MULT = NONE). For improved power characteristics, set DREG and ADREG to '1', tie CED, CEAD, and RSTD to logic '0'.
Related violations: <none>

AVAL-5#4 Advisory
enum_USE_MULT_NONE_enum_DREG_ADREG_0_connects_CED_CEAD_RSTD_GND  
cic_Q/U0/i_synth/decimator.decimation_filter/int/gen_stages[0].gen_folded.int_comb_stage/gen_split_accum[0].gen_sum_struct.gen_sum/gen_structural.gen_virtex.gen_dsp48e.gen_dsp48e1_v6.dsp48e1_v6: DSP48E1 is not using the Multiplier (USE_MULT = NONE). For improved power characteristics, set DREG and ADREG to '1', tie CED, CEAD, and RSTD to logic '0'.
Related violations: <none>

REQP-28#1 Advisory
enum_USE_MULT_NONE_connects_CEM_GND  
cic_I/U0/i_synth/decimator.decimation_filter/comb/gen_stages[0].gen_folded.int_comb_stage/gen_split_accum[0].gen_sum_struct.gen_sum/gen_structural.gen_virtex.gen_dsp48e.gen_dsp48e1_v6.dsp48e1_v6: When the DSP48E1 USE_MULT attribute is set to NONE, the CEM input pin should be tied to GND to save power.
Related violations: <none>

REQP-28#2 Advisory
enum_USE_MULT_NONE_connects_CEM_GND  
cic_I/U0/i_synth/decimator.decimation_filter/int/gen_stages[0].gen_folded.int_comb_stage/gen_split_accum[0].gen_sum_struct.gen_sum/gen_structural.gen_virtex.gen_dsp48e.gen_dsp48e1_v6.dsp48e1_v6: When the DSP48E1 USE_MULT attribute is set to NONE, the CEM input pin should be tied to GND to save power.
Related violations: <none>

REQP-28#3 Advisory
enum_USE_MULT_NONE_connects_CEM_GND  
cic_Q/U0/i_synth/decimator.decimation_filter/comb/gen_stages[0].gen_folded.int_comb_stage/gen_split_accum[0].gen_sum_struct.gen_sum/gen_structural.gen_virtex.gen_dsp48e.gen_dsp48e1_v6.dsp48e1_v6: When the DSP48E1 USE_MULT attribute is set to NONE, the CEM input pin should be tied to GND to save power.
Related violations: <none>

REQP-28#4 Advisory
enum_USE_MULT_NONE_connects_CEM_GND  
cic_Q/U0/i_synth/decimator.decimation_filter/int/gen_stages[0].gen_folded.int_comb_stage/gen_split_accum[0].gen_sum_struct.gen_sum/gen_structural.gen_virtex.gen_dsp48e.gen_dsp48e1_v6.dsp48e1_v6: When the DSP48E1 USE_MULT attribute is set to NONE, the CEM input pin should be tied to GND to save power.
Related violations: <none>

REQP-28#5 Advisory
enum_USE_MULT_NONE_connects_CEM_GND  
fir_I/U0/i_synth/g_polyphase_decimation.i_polyphase_decimation/g_semi_parallel_and_smac.g_paths[0].g_madd_array_and_accum.g_accum.i_accum/i_add_accum/g_dsp48.g_dsp48e1.i_dsp48e1: When the DSP48E1 USE_MULT attribute is set to NONE, the CEM input pin should be tied to GND to save power.
Related violations: <none>

REQP-28#6 Advisory
enum_USE_MULT_NONE_connects_CEM_GND  
fir_Q/U0/i_synth/g_polyphase_decimation.i_polyphase_decimation/g_semi_parallel_and_smac.g_paths[0].g_madd_array_and_accum.g_accum.i_accum/i_add_accum/g_dsp48.g_dsp48e1.i_dsp48e1: When the DSP48E1 USE_MULT attribute is set to NONE, the CEM input pin should be tied to GND to save power.
Related violations: <none>

REQP-30#1 Advisory
enum_MREG_0_connects_CEM_GND  
cic_I/U0/i_synth/decimator.decimation_filter/comb/gen_stages[0].gen_folded.int_comb_stage/gen_split_accum[0].gen_sum_struct.gen_sum/gen_structural.gen_virtex.gen_dsp48e.gen_dsp48e1_v6.dsp48e1_v6: When the DSP48E1 MREG attribute is set to 0, the CEM input pin should be tied to GND to save power.
Related violations: <none>

REQP-30#2 Advisory
enum_MREG_0_connects_CEM_GND  
cic_I/U0/i_synth/decimator.decimation_filter/int/gen_stages[0].gen_folded.int_comb_stage/gen_split_accum[0].gen_sum_struct.gen_sum/gen_structural.gen_virtex.gen_dsp48e.gen_dsp48e1_v6.dsp48e1_v6: When the DSP48E1 MREG attribute is set to 0, the CEM input pin should be tied to GND to save power.
Related violations: <none>

REQP-30#3 Advisory
enum_MREG_0_connects_CEM_GND  
cic_Q/U0/i_synth/decimator.decimation_filter/comb/gen_stages[0].gen_folded.int_comb_stage/gen_split_accum[0].gen_sum_struct.gen_sum/gen_structural.gen_virtex.gen_dsp48e.gen_dsp48e1_v6.dsp48e1_v6: When the DSP48E1 MREG attribute is set to 0, the CEM input pin should be tied to GND to save power.
Related violations: <none>

REQP-30#4 Advisory
enum_MREG_0_connects_CEM_GND  
cic_Q/U0/i_synth/decimator.decimation_filter/int/gen_stages[0].gen_folded.int_comb_stage/gen_split_accum[0].gen_sum_struct.gen_sum/gen_structural.gen_virtex.gen_dsp48e.gen_dsp48e1_v6.dsp48e1_v6: When the DSP48E1 MREG attribute is set to 0, the CEM input pin should be tied to GND to save power.
Related violations: <none>

REQP-30#5 Advisory
enum_MREG_0_connects_CEM_GND  
fir_I/U0/i_synth/g_polyphase_decimation.i_polyphase_decimation/g_semi_parallel_and_smac.g_paths[0].g_madd_array_and_accum.g_accum.i_accum/i_add_accum/g_dsp48.g_dsp48e1.i_dsp48e1: When the DSP48E1 MREG attribute is set to 0, the CEM input pin should be tied to GND to save power.
Related violations: <none>

REQP-30#6 Advisory
enum_MREG_0_connects_CEM_GND  
fir_Q/U0/i_synth/g_polyphase_decimation.i_polyphase_decimation/g_semi_parallel_and_smac.g_paths[0].g_madd_array_and_accum.g_accum.i_accum/i_add_accum/g_dsp48.g_dsp48e1.i_dsp48e1: When the DSP48E1 MREG attribute is set to 0, the CEM input pin should be tied to GND to save power.
Related violations: <none>


